{"level":"info","ts":"2024-12-02T02:56:46.143+0700","msg":"Incoming request","method":"GET-request","path":"/tasks","body":null}
{"level":"info","ts":"2024-12-02T02:56:46.161+0700","msg":"Successful response","method":"GET-response","path":"/tasks","body":"{\"code\":200,\"message\":\"Get All Task Success\",\"data\":null}\n"}
{"level":"info","ts":"2024-12-02T02:58:26.858+0700","msg":"Incoming request","method":"POST-request","path":"/tasks","body":{"completed":true,"task":"CRUD App Todo 3"}}
{"level":"info","ts":"2024-12-02T02:58:26.865+0700","msg":"Successful response","method":"POST-response","path":"/tasks","body":"{\"task_id\":35,\"task\":\"CRUD App Todo 3\",\"completed\":true,\"created_at\":\"2024-12-02T02:58:26.8595247+07:00\",\"updated_at\":\"2024-12-02T02:58:26.8595247+07:00\"}\n"}
{"level":"info","ts":"2024-12-02T02:58:44.450+0700","msg":"Incoming request","method":"GET-request","path":"/tasks","body":null}
{"level":"info","ts":"2024-12-02T02:58:44.451+0700","msg":"Successful response","method":"GET-response","path":"/tasks","body":"{\"code\":200,\"message\":\"Get All Task Success\",\"data\":[{\"task_id\":35,\"task\":\"CRUD App Todo 3\",\"completed\":true,\"created_at\":\"2024-12-02T02:58:26.859525Z\",\"updated_at\":\"2024-12-02T02:58:26.859525Z\"}]}\n"}
{"level":"info","ts":"2024-12-02T02:59:11.861+0700","msg":"Incoming request","method":"GET-request","path":"/tasks/35","body":null}
{"level":"info","ts":"2024-12-02T02:59:11.861+0700","msg":"Successful response","method":"GET-response","path":"/tasks/35","body":"{\"code\":200,\"message\":\"Get Task Success\",\"data\":{\"task_id\":35,\"task\":\"CRUD App Todo 3\",\"completed\":true,\"created_at\":\"2024-12-02T02:58:26.859525Z\",\"updated_at\":\"2024-12-02T02:58:26.859525Z\"}}\n"}
{"level":"info","ts":"2024-12-02T02:59:28.087+0700","msg":"Incoming request","method":"GET-request","path":"/tasks/36","body":null}
{"level":"error","ts":"2024-12-02T02:59:28.087+0700","msg":"Error response","method":"GET-response","path":"/tasks/36","body":"Task not found\n"}
{"level":"info","ts":"2024-12-02T03:09:35.143+0700","msg":"Incoming request","method":"GET-request","path":"/tasks","body":null}
{"level":"info","ts":"2024-12-02T03:09:35.146+0700","msg":"Successful response","method":"GET-response","path":"/tasks","body":"{\"code\":200,\"message\":\"Get all task success\",\"data\":[{\"task_id\":35,\"task\":\"CRUD App Todo 3\",\"completed\":true,\"created_at\":\"2024-12-02T02:58:26.859525Z\",\"updated_at\":\"2024-12-02T02:58:26.859525Z\"}]}\n"}
{"level":"info","ts":"2024-12-02T03:09:40.119+0700","msg":"Incoming request","method":"GET-request","path":"/tasks/36","body":null}
{"level":"info","ts":"2024-12-02T03:09:40.120+0700","msg":"Successful response","method":"GET-response","path":"/tasks/36","body":"{\"code\":404,\"message\":\"Task not found\",\"data\":null}\n"}
{"level":"info","ts":"2024-12-02T03:09:45.336+0700","msg":"Incoming request","method":"GET-request","path":"/tasks/35","body":null}
{"level":"info","ts":"2024-12-02T03:09:45.337+0700","msg":"Successful response","method":"GET-response","path":"/tasks/35","body":"{\"code\":200,\"message\":\"Get task success\",\"data\":{\"task_id\":35,\"task\":\"CRUD App Todo 3\",\"completed\":true,\"created_at\":\"2024-12-02T02:58:26.859525Z\",\"updated_at\":\"2024-12-02T02:58:26.859525Z\"}}\n"}
{"level":"info","ts":"2024-12-02T03:10:02.559+0700","msg":"Incoming request","method":"POST-request","path":"/tasks","body":{"completed":true,"task":"CRUD App Todo 4"}}
{"level":"info","ts":"2024-12-02T03:10:02.562+0700","msg":"Successful response","method":"POST-response","path":"/tasks","body":"{\"code\":201,\"message\":\"Create new task success\",\"data\":{\"task_id\":36,\"task\":\"CRUD App Todo 4\",\"completed\":true,\"created_at\":\"2024-12-02T03:10:02.5601252+07:00\",\"updated_at\":\"2024-12-02T03:10:02.5601252+07:00\"}}\n"}
{"level":"info","ts":"2024-12-02T03:10:30.665+0700","msg":"Incoming request","method":"PUT-request","path":"/tasks/35","body":{"completed":true,"task":"CRUD App Todo123"}}
{"level":"info","ts":"2024-12-02T03:10:30.669+0700","msg":"Successful response","method":"PUT-response","path":"/tasks/35","body":"{\"code\":200,\"message\":\"Update the task success\",\"data\":{\"task_id\":35,\"task\":\"CRUD App Todo123\",\"completed\":true,\"created_at\":\"2024-12-02T02:58:26.859525Z\",\"updated_at\":\"2024-12-02T03:10:30.665878+07:00\"}}\n"}
{"level":"info","ts":"2024-12-02T03:10:41.948+0700","msg":"Incoming request","method":"DELETE-request","path":"/tasks/35","body":null}
{"level":"info","ts":"2024-12-02T03:10:41.950+0700","msg":"Successful response","method":"DELETE-response","path":"/tasks/35","body":"{\"code\":201,\"message\":\"Task removed\",\"data\":null}\n"}
{"level":"info","ts":"2024-12-02T03:10:55.213+0700","msg":"Incoming request","method":"DELETE-request","path":"/tasks/37","body":null}
{"level":"info","ts":"2024-12-02T03:10:55.214+0700","msg":"Successful response","method":"DELETE-response","path":"/tasks/37","body":"{\"code\":404,\"message\":\"Task not found\",\"data\":null}\n"}
