{"body":null,"level":"info","method":"GET-request","msg":"","path":"/tasks","time":"2024-11-29T09:53:08+07:00"}
{"body":"[{\"task_id\":3,\"task\":\"CRUD ToDoApp 1\",\"completed\":true,\"created_at\":\"2024-11-28T23:45:53.760001Z\",\"updated_at\":\"2024-11-28T23:46:46.135183Z\"}]","level":"info","method":"GET-response","msg":"","path":"/tasks","time":"2024-11-29T09:53:08+07:00"}
{"body":null,"level":"info","method":"GET-request","msg":"","path":"/tasks/1","time":"2024-11-29T09:56:48+07:00"}
{"body":"{\"error\":\"Task not found\"}","level":"error","method":"GET-response","msg":"","path":"/tasks/1","time":"2024-11-29T09:56:48+07:00"}
{"body":null,"level":"info","method":"GET-request","msg":"","path":"/tasks","time":"2024-11-29T10:17:45+07:00"}
{"body":"[{\"task_id\":3,\"task\":\"CRUD ToDoApp 1\",\"completed\":true,\"created_at\":\"2024-11-28T23:45:53.760001Z\",\"updated_at\":\"2024-11-28T23:46:46.135183Z\"}]","level":"info","method":"GET-response","msg":"","path":"/tasks","time":"2024-11-29T10:17:45+07:00"}
{"body":null,"level":"info","method":"GET-request","msg":"","path":"/task","time":"2024-11-29T15:37:17+07:00"}
{"body":"","level":"error","method":"GET-response","msg":"","path":"/task","time":"2024-11-29T15:37:17+07:00"}
{"body":null,"level":"info","method":"GET-request","msg":"","path":"/tasks","time":"2024-11-29T15:39:50+07:00"}
{"body":"[{\"task_id\":3,\"task\":\"CRUD ToDoApp 1\",\"completed\":true,\"created_at\":\"2024-11-28T23:45:53.760001Z\",\"updated_at\":\"2024-11-28T23:46:46.135183Z\"}]","level":"info","method":"GET-response","msg":"","path":"/tasks","time":"2024-11-29T15:39:50+07:00"}
{"body":null,"level":"info","method":"GET-request","msg":"","path":"/tasks","time":"2024-11-29T16:26:04+07:00"}
{"body":"[{\"task_id\":3,\"task\":\"CRUD ToDoApp 1\",\"completed\":true,\"created_at\":\"2024-11-28T23:45:53.760001Z\",\"updated_at\":\"2024-11-28T23:46:46.135183Z\"}]\n","level":"info","method":"GET-response","msg":"","path":"/tasks","time":"2024-11-29T16:26:04+07:00"}
{"body":null,"level":"info","method":"GET-request","msg":"","path":"/tasks/3","time":"2024-11-29T16:31:15+07:00"}
{"body":"404 page not found\n","level":"error","method":"GET-response","msg":"","path":"/tasks/3","time":"2024-11-29T16:31:15+07:00"}
{"body":null,"level":"info","method":"GET-request","msg":"","path":"/tasks/3","time":"2024-11-29T16:33:42+07:00"}
{"body":"Error querying task\n","level":"error","method":"GET-response","msg":"","path":"/tasks/3","time":"2024-11-29T16:33:42+07:00"}
{"body":null,"level":"info","method":"GET-request","msg":"","path":"/tasks/","time":"2024-11-29T16:34:06+07:00"}
{"body":"Task ID is required\n","level":"error","method":"GET-response","msg":"","path":"/tasks/","time":"2024-11-29T16:34:06+07:00"}
{"body":null,"level":"info","method":"GET-request","msg":"","path":"/tasks/1","time":"2024-11-29T16:34:15+07:00"}
{"body":"Error querying task\n","level":"error","method":"GET-response","msg":"","path":"/tasks/1","time":"2024-11-29T16:34:15+07:00"}
{"body":null,"level":"info","method":"GET-request","msg":"","path":"/tasks/3","time":"2024-11-29T16:34:20+07:00"}
{"body":"Error querying task\n","level":"error","method":"GET-response","msg":"","path":"/tasks/3","time":"2024-11-29T16:34:20+07:00"}
{"body":null,"level":"info","method":"GET-request","msg":"","path":"/tasks/3","time":"2024-11-29T16:39:12+07:00"}
{"body":"{\"task_id\":3,\"task\":\"CRUD ToDoApp 1\",\"completed\":true,\"created_at\":\"2024-11-28T23:45:53.760001Z\",\"updated_at\":\"2024-11-28T23:46:46.135183Z\"}\n","level":"info","method":"GET-response","msg":"","path":"/tasks/3","time":"2024-11-29T16:39:12+07:00"}
{"body":{"completed":false,"task":"Learn Go"},"level":"info","method":"POST-request","msg":"","path":"/task","time":"2024-11-29T16:41:01+07:00"}
{"body":"404 page not found\n","level":"error","method":"POST-response","msg":"","path":"/task","time":"2024-11-29T16:41:01+07:00"}
{"body":{"completed":false,"task":"Learn Go"},"level":"info","method":"POST-request","msg":"","path":"/tasks","time":"2024-11-29T16:41:15+07:00"}
{"body":"{\"task_id\":5,\"task\":\"Learn Go\",\"completed\":false,\"created_at\":\"2024-11-29T16:41:15.2430668+07:00\",\"updated_at\":\"2024-11-29T16:41:15.2430668+07:00\"}\n","level":"info","method":"POST-response","msg":"","path":"/tasks","time":"2024-11-29T16:41:15+07:00"}
{"body":{"completed":false,"task":"Learn Go Day 2"},"level":"info","method":"UPDATE-request","msg":"","path":"/tasks/5","time":"2024-11-29T16:41:48+07:00"}
{"body":"Method not allowed\n","level":"error","method":"UPDATE-response","msg":"","path":"/tasks/5","time":"2024-11-29T16:41:48+07:00"}
{"body":{"completed":false,"task":"Learn Go Day 2"},"level":"info","method":"PUT-request","msg":"","path":"/tasks/5","time":"2024-11-29T16:42:07+07:00"}
{"body":"{\"task_id\":5,\"task\":\"Learn Go Day 2\",\"completed\":false,\"created_at\":\"2024-11-29T16:41:15.243067Z\",\"updated_at\":\"2024-11-29T16:42:07.8705105+07:00\"}\n","level":"info","method":"PUT-response","msg":"","path":"/tasks/5","time":"2024-11-29T16:42:07+07:00"}
{"body":null,"level":"info","method":"DELETE-request","msg":"","path":"/tasks/5","time":"2024-11-29T16:42:32+07:00"}
{"body":"Cann't remove task\n","level":"error","method":"DELETE-response","msg":"","path":"/tasks/5","time":"2024-11-29T16:42:32+07:00"}
{"body":null,"level":"info","method":"DELETE-request","msg":"","path":"/tasks/5","time":"2024-11-29T16:43:16+07:00"}
{"body":"{\"message\":\"Task removed\"}\n","level":"info","method":"DELETE-response","msg":"","path":"/tasks/5","time":"2024-11-29T16:43:16+07:00"}
{"level":"info","ts":"2024-11-29T17:09:45.876+0700","msg":"Incoming request","method":"GET-request","path":"/tasks","body":null}
{"level":"info","ts":"2024-11-29T17:09:45.878+0700","msg":"Successful response","method":"GET-response","path":"/tasks","body":"[{\"task_id\":3,\"task\":\"CRUD ToDoApp 1\",\"completed\":true,\"created_at\":\"2024-11-28T23:45:53.760001Z\",\"updated_at\":\"2024-11-28T23:46:46.135183Z\"}]\n"}
{"level":"info","ts":"2024-11-29T17:10:09.211+0700","msg":"Incoming request","method":"GET-request","path":"/tasks/3","body":null}
{"level":"info","ts":"2024-11-29T17:10:09.212+0700","msg":"Successful response","method":"GET-response","path":"/tasks/3","body":"{\"task_id\":3,\"task\":\"CRUD ToDoApp 1\",\"completed\":true,\"created_at\":\"2024-11-28T23:45:53.760001Z\",\"updated_at\":\"2024-11-28T23:46:46.135183Z\"}\n"}
{"level":"info","ts":"2024-11-29T17:10:13.160+0700","msg":"Incoming request","method":"GET-request","path":"/tasks/5","body":null}
{"level":"error","ts":"2024-11-29T17:10:13.161+0700","msg":"Error response","method":"GET-response","path":"/tasks/5","body":"Task not found\n"}
{"level":"info","ts":"2024-11-29T17:14:18.237+0700","msg":"Incoming request","method":"GET-request","path":"/tasks/","body":null}
{"level":"error","ts":"2024-11-29T17:14:18.238+0700","msg":"Error response","method":"GET-response","path":"/tasks/","body":"Task ID is required\n"}
{"level":"info","ts":"2024-11-29T17:14:21.165+0700","msg":"Incoming request","method":"GET-request","path":"/tasks","body":null}
{"level":"info","ts":"2024-11-29T17:14:21.167+0700","msg":"Successful response","method":"GET-response","path":"/tasks","body":"[{\"task_id\":3,\"task\":\"CRUD ToDoApp 1\",\"completed\":true,\"created_at\":\"2024-11-28T23:45:53.760001Z\",\"updated_at\":\"2024-11-28T23:46:46.135183Z\"}]\n"}
{"level":"info","ts":"2024-11-29T17:52:45.712+0700","msg":"Incoming request","method":"GET-request","path":"/tasks","body":null}
{"level":"info","ts":"2024-11-29T17:52:45.716+0700","msg":"Successful response","method":"GET-response","path":"/tasks","body":"[{\"task_id\":3,\"task\":\"CRUD ToDoApp 1\",\"completed\":true,\"created_at\":\"2024-11-28T23:45:53.760001Z\",\"updated_at\":\"2024-11-28T23:46:46.135183Z\"}]\n"}
{"level":"info","ts":"2024-11-29T17:53:00.681+0700","msg":"Incoming request","method":"GET-request","path":"/tasks/5","body":null}
{"level":"error","ts":"2024-11-29T17:53:00.684+0700","msg":"Error response","method":"GET-response","path":"/tasks/5","body":"Task not found\n"}
{"level":"info","ts":"2024-11-29T17:53:07.150+0700","msg":"Incoming request","method":"GET-request","path":"/tasks/1","body":null}
{"level":"error","ts":"2024-11-29T17:53:07.152+0700","msg":"Error response","method":"GET-response","path":"/tasks/1","body":"Task not found\n"}
{"level":"info","ts":"2024-11-29T17:53:10.800+0700","msg":"Incoming request","method":"GET-request","path":"/tasks/3","body":null}
{"level":"info","ts":"2024-11-29T17:53:10.800+0700","msg":"Successful response","method":"GET-response","path":"/tasks/3","body":"{\"task_id\":3,\"task\":\"CRUD ToDoApp 1\",\"completed\":true,\"created_at\":\"2024-11-28T23:45:53.760001Z\",\"updated_at\":\"2024-11-28T23:46:46.135183Z\"}\n"}
